Flow report for DigitalClock
Sun Nov 03 12:26:04 2019
Quartus II 64-Bit Version 15.0.0 Build 145 04/22/2015 SJ Full Version


---------------------
; Table of Contents ;
---------------------
  1. Legal Notice
  2. Flow Summary
  3. Flow Settings
  4. Flow Non-Default Global Settings
  5. Flow Elapsed Time
  6. Flow OS Summary
  7. Flow Log
  8. Flow Messages
  9. Flow Suppressed Messages



----------------
; Legal Notice ;
----------------
Copyright (C) 1991-2015 Altera Corporation. All rights reserved.
Your use of Altera Corporation's design tools, logic functions 
and other software and tools, and its AMPP partner logic 
functions, and any output files from any of the foregoing 
(including device programming or simulation files), and any 
associated documentation or information are expressly subject 
to the terms and conditions of the Altera Program License 
Subscription Agreement, the Altera Quartus II License Agreement,
the Altera MegaCore Function License Agreement, or other 
applicable license agreement, including, without limitation, 
that your use is for the sole purpose of programming logic 
devices manufactured by Altera and sold by Altera or its 
authorized distributors.  Please refer to the applicable 
agreement for further details.



+----------------------------------------------------------------------------------+
; Flow Summary                                                                     ;
+------------------------------------+---------------------------------------------+
; Flow Status                        ; Successful - Sun Nov 03 12:26:04 2019       ;
; Quartus II 64-Bit Version          ; 15.0.0 Build 145 04/22/2015 SJ Full Version ;
; Revision Name                      ; DigitalClock                                ;
; Top-level Entity Name              ; DigitalClock                                ;
; Family                             ; Cyclone IV E                                ;
; Device                             ; EP4CE6F17C8                                 ;
; Timing Models                      ; Final                                       ;
; Total logic elements               ; 3,061 / 6,272 ( 49 % )                      ;
;     Total combinational functions  ; 3,026 / 6,272 ( 48 % )                      ;
;     Dedicated logic registers      ; 798 / 6,272 ( 13 % )                        ;
; Total registers                    ; 798                                         ;
; Total pins                         ; 25 / 180 ( 14 % )                           ;
; Total virtual pins                 ; 0                                           ;
; Total memory bits                  ; 768 / 276,480 ( < 1 % )                     ;
; Embedded Multiplier 9-bit elements ; 0 / 30 ( 0 % )                              ;
; Total PLLs                         ; 0 / 2 ( 0 % )                               ;
+------------------------------------+---------------------------------------------+


+-----------------------------------------+
; Flow Settings                           ;
+-------------------+---------------------+
; Option            ; Setting             ;
+-------------------+---------------------+
; Start date & time ; 10/15/2019 21:14:17 ;
; Main task         ; Compilation         ;
; Revision Name     ; DigitalClock        ;
+-------------------+---------------------+


+------------------------------------------------------------------------------------------------------------------+
; Flow Non-Default Global Settings                                                                                 ;
+-------------------------------------+---------------------------------+---------------+-------------+------------+
; Assignment Name                     ; Value                           ; Default Value ; Entity Name ; Section Id ;
+-------------------------------------+---------------------------------+---------------+-------------+------------+
; COMPILER_SIGNATURE_ID               ; 238338868785539.157114525705444 ; --            ; --          ; --         ;
; MAX_CORE_JUNCTION_TEMP              ; 85                              ; --            ; --          ; --         ;
; MIN_CORE_JUNCTION_TEMP              ; 0                               ; --            ; --          ; --         ;
; MISC_FILE                           ; RAM_inst.v                      ; --            ; --          ; --         ;
; MISC_FILE                           ; RAM_bb.v                        ; --            ; --          ; --         ;
; OUTPUT_IO_TIMING_FAR_END_VMEAS      ; Half Signal Swing               ; --            ; --          ; --         ;
; OUTPUT_IO_TIMING_FAR_END_VMEAS      ; Half Signal Swing               ; --            ; --          ; --         ;
; OUTPUT_IO_TIMING_NEAR_END_VMEAS     ; Half Vccio                      ; --            ; --          ; --         ;
; OUTPUT_IO_TIMING_NEAR_END_VMEAS     ; Half Vccio                      ; --            ; --          ; --         ;
; PARTITION_COLOR                     ; 16764057                        ; --            ; --          ; Top        ;
; PARTITION_FITTER_PRESERVATION_LEVEL ; PLACEMENT_AND_ROUTING           ; --            ; --          ; Top        ;
; PARTITION_NETLIST_TYPE              ; POST_FIT                        ; --            ; --          ; Top        ;
; PROJECT_OUTPUT_DIRECTORY            ; output_files                    ; --            ; --          ; --         ;
+-------------------------------------+---------------------------------+---------------+-------------+------------+


+-------------------------------------------------------------------------------------------------------------------------------+
; Flow Elapsed Time                                                                                                             ;
+---------------------------+--------------+-------------------------+---------------------+------------------------------------+
; Module Name               ; Elapsed Time ; Average Processors Used ; Peak Virtual Memory ; Total CPU Time (on all processors) ;
+---------------------------+--------------+-------------------------+---------------------+------------------------------------+
; Analysis & Synthesis      ; 00:00:19     ; 1.0                     ; 4887 MB             ; 00:00:32                           ;
; Partition Merge           ; 00:00:01     ; 1.0                     ; 4789 MB             ; 00:00:01                           ;
; Fitter                    ; 00:00:52     ; 2.0                     ; 5717 MB             ; 00:01:10                           ;
; Assembler                 ; 00:00:01     ; 1.0                     ; 4757 MB             ; 00:00:01                           ;
; TimeQuest Timing Analyzer ; 00:00:13     ; 1.5                     ; 4907 MB             ; 00:00:14                           ;
; Analysis & Synthesis      ; 00:00:11     ; 1.0                     ; 4812 MB             ; 00:00:26                           ;
; Partition Merge           ; 00:00:01     ; 1.0                     ; 4816 MB             ; 00:00:01                           ;
; Fitter                    ; 00:00:03     ; 1.0                     ; 5094 MB             ; 00:00:03                           ;
; Analysis & Synthesis      ; 00:00:10     ; 1.0                     ; 4814 MB             ; 00:00:24                           ;
; Partition Merge           ; 00:00:01     ; 1.0                     ; 4816 MB             ; 00:00:01                           ;
; Fitter                    ; 00:00:03     ; 1.0                     ; 5095 MB             ; 00:00:03                           ;
; Analysis & Synthesis      ; 00:00:10     ; 1.0                     ; 4814 MB             ; 00:00:25                           ;
; Analysis & Synthesis      ; 00:00:10     ; 1.0                     ; 4810 MB             ; 00:00:25                           ;
; Partition Merge           ; 00:00:01     ; 1.0                     ; 4816 MB             ; 00:00:01                           ;
; Fitter                    ; 00:00:03     ; 1.0                     ; 5095 MB             ; 00:00:03                           ;
; Analysis & Synthesis      ; 00:00:10     ; 1.0                     ; 4814 MB             ; 00:00:28                           ;
; Partition Merge           ; 00:00:01     ; 1.0                     ; 4815 MB             ; 00:00:01                           ;
; Fitter                    ; 00:00:02     ; 1.0                     ; 5095 MB             ; 00:00:03                           ;
; Analysis & Synthesis      ; 00:00:19     ; 1.0                     ; 4874 MB             ; 00:00:34                           ;
; Partition Merge           ; 00:00:01     ; 1.0                     ; 4794 MB             ; 00:00:01                           ;
; Fitter                    ; 00:00:44     ; 2.1                     ; 5718 MB             ; 00:01:02                           ;
; Assembler                 ; 00:00:01     ; 1.0                     ; 4757 MB             ; 00:00:01                           ;
; TimeQuest Timing Analyzer ; 00:00:14     ; 1.3                     ; 4906 MB             ; 00:00:16                           ;
; Analysis & Synthesis      ; 00:00:20     ; 1.0                     ; 4892 MB             ; 00:00:35                           ;
; Partition Merge           ; 00:00:00     ; 1.0                     ; 4793 MB             ; 00:00:01                           ;
; Fitter                    ; 00:00:48     ; 2.2                     ; 5712 MB             ; 00:01:06                           ;
; Assembler                 ; 00:00:01     ; 1.0                     ; 4758 MB             ; 00:00:01                           ;
; TimeQuest Timing Analyzer ; 00:00:14     ; 1.1                     ; 4906 MB             ; 00:00:14                           ;
; Analysis & Synthesis      ; 00:00:19     ; 1.0                     ; 4890 MB             ; 00:00:36                           ;
; Partition Merge           ; 00:00:01     ; 1.0                     ; 4793 MB             ; 00:00:01                           ;
; Fitter                    ; 00:00:44     ; 2.1                     ; 5716 MB             ; 00:01:01                           ;
; Assembler                 ; 00:00:02     ; 1.0                     ; 4761 MB             ; 00:00:01                           ;
; TimeQuest Timing Analyzer ; 00:00:12     ; 1.3                     ; 4908 MB             ; 00:00:14                           ;
; Analysis & Synthesis      ; 00:00:19     ; 1.0                     ; 4890 MB             ; 00:00:34                           ;
; Partition Merge           ; 00:00:01     ; 1.0                     ; 4793 MB             ; 00:00:01                           ;
; Fitter                    ; 00:00:42     ; 2.0                     ; 5717 MB             ; 00:01:00                           ;
; Assembler                 ; 00:00:01     ; 1.0                     ; 4761 MB             ; 00:00:01                           ;
; TimeQuest Timing Analyzer ; 00:00:14     ; 1.6                     ; 4909 MB             ; 00:00:15                           ;
; EDA Netlist Writer        ; 00:00:05     ; 1.0                     ; 4756 MB             ; 00:00:04                           ;
; Analysis & Synthesis      ; 00:00:10     ; 1.0                     ; 4790 MB             ; 00:00:25                           ;
; Analysis & Synthesis      ; 00:00:10     ; 1.0                     ; 4810 MB             ; 00:00:24                           ;
; Partition Merge           ; 00:00:01     ; 1.0                     ; 4816 MB             ; 00:00:01                           ;
; Fitter                    ; 00:00:08     ; 2.0                     ; 5644 MB             ; 00:00:09                           ;
; Assembler                 ; 00:00:01     ; 1.0                     ; 4761 MB             ; 00:00:01                           ;
; TimeQuest Timing Analyzer ; 00:00:13     ; 1.2                     ; 4909 MB             ; 00:00:14                           ;
; EDA Netlist Writer        ; 00:00:04     ; 1.0                     ; 4754 MB             ; 00:00:04                           ;
; Analysis & Synthesis      ; 00:00:21     ; 1.0                     ; 4892 MB             ; 00:00:32                           ;
; Partition Merge           ; 00:00:01     ; 1.0                     ; 4792 MB             ; 00:00:01                           ;
; Fitter                    ; 00:00:43     ; 2.0                     ; 5721 MB             ; 00:00:57                           ;
; Assembler                 ; 00:00:02     ; 1.0                     ; 4761 MB             ; 00:00:01                           ;
; TimeQuest Timing Analyzer ; 00:00:13     ; 1.2                     ; 4909 MB             ; 00:00:14                           ;
; EDA Netlist Writer        ; 00:00:04     ; 1.0                     ; 4755 MB             ; 00:00:04                           ;
; TimeQuest Timing Analyzer ; 00:00:17     ; 1.1                     ; 4888 MB             ; 00:00:14                           ;
; TimeQuest Timing Analyzer ; 00:00:12     ; 1.6                     ; 4888 MB             ; 00:00:13                           ;
; TimeQuest Timing Analyzer ; 00:00:11     ; 1.3                     ; 4895 MB             ; 00:00:12                           ;
; Analysis & Synthesis      ; 00:00:10     ; 1.0                     ; 4813 MB             ; 00:00:23                           ;
; Partition Merge           ; 00:00:01     ; 1.0                     ; 4815 MB             ; 00:00:01                           ;
; Fitter                    ; 00:00:07     ; 1.4                     ; 5643 MB             ; 00:00:09                           ;
; Assembler                 ; 00:00:01     ; 1.0                     ; 4761 MB             ; 00:00:01                           ;
; TimeQuest Timing Analyzer ; 00:00:13     ; 1.7                     ; 4910 MB             ; 00:00:14                           ;
; EDA Netlist Writer        ; 00:00:03     ; 1.0                     ; 4755 MB             ; 00:00:04                           ;
; EDA Netlist Writer        ; 00:00:00     ; 1.0                     ; 4717 MB             ; 00:00:01                           ;
; EDA Netlist Writer        ; 00:00:01     ; 1.0                     ; 4717 MB             ; 00:00:01                           ;
; EDA Netlist Writer        ; 00:00:04     ; 1.0                     ; 4755 MB             ; 00:00:03                           ;
; EDA Netlist Writer        ; 00:00:01     ; 1.0                     ; 4717 MB             ; 00:00:01                           ;
; EDA Netlist Writer        ; 00:00:04     ; 1.0                     ; 4755 MB             ; 00:00:03                           ;
; EDA Netlist Writer        ; 00:00:01     ; 1.0                     ; 4717 MB             ; 00:00:01                           ;
; EDA Netlist Writer        ; 00:00:03     ; 1.0                     ; 4756 MB             ; 00:00:03                           ;
; EDA Netlist Writer        ; 00:00:01     ; 1.0                     ; 4716 MB             ; 00:00:01                           ;
; EDA Netlist Writer        ; 00:00:02     ; 1.0                     ; 4721 MB             ; 00:00:01                           ;
; EDA Netlist Writer        ; 00:00:01     ; 1.0                     ; 4716 MB             ; 00:00:01                           ;
; EDA Netlist Writer        ; 00:00:03     ; 1.0                     ; 4755 MB             ; 00:00:03                           ;
; EDA Netlist Writer        ; 00:00:01     ; 1.0                     ; 4716 MB             ; 00:00:01                           ;
; EDA Netlist Writer        ; 00:00:01     ; 1.0                     ; 4724 MB             ; 00:00:01                           ;
; Analysis & Synthesis      ; 00:00:11     ; 1.0                     ; 4789 MB             ; 00:00:24                           ;
; Analysis & Synthesis      ; 00:00:12     ; 1.0                     ; 4810 MB             ; 00:00:23                           ;
; Analysis & Synthesis      ; 00:00:23     ; 1.0                     ; 4886 MB             ; 00:00:33                           ;
; Partition Merge           ; 00:00:02     ; 1.0                     ; 4793 MB             ; 00:00:01                           ;
; Fitter                    ; 00:00:44     ; 1.9                     ; 5703 MB             ; 00:00:59                           ;
; Assembler                 ; 00:00:02     ; 1.0                     ; 4761 MB             ; 00:00:01                           ;
; TimeQuest Timing Analyzer ; 00:00:13     ; 1.6                     ; 4907 MB             ; 00:00:14                           ;
; EDA Netlist Writer        ; 00:00:04     ; 1.0                     ; 4754 MB             ; 00:00:04                           ;
; Analysis & Synthesis      ; 00:00:18     ; 1.0                     ; 4892 MB             ; 00:00:32                           ;
; Partition Merge           ; 00:00:01     ; 1.0                     ; 4793 MB             ; 00:00:01                           ;
; Fitter                    ; 00:00:41     ; 2.0                     ; 5726 MB             ; 00:00:58                           ;
; Assembler                 ; 00:00:01     ; 1.0                     ; 4762 MB             ; 00:00:01                           ;
; TimeQuest Timing Analyzer ; 00:00:13     ; 1.2                     ; 4910 MB             ; 00:00:14                           ;
; EDA Netlist Writer        ; 00:00:04     ; 1.0                     ; 4754 MB             ; 00:00:04                           ;
; Analysis & Synthesis      ; 00:00:18     ; 1.0                     ; 4889 MB             ; 00:00:32                           ;
; Partition Merge           ; 00:00:01     ; 1.0                     ; 4793 MB             ; 00:00:01                           ;
; Fitter                    ; 00:00:39     ; 2.2                     ; 5723 MB             ; 00:00:58                           ;
; Assembler                 ; 00:00:01     ; 1.0                     ; 4762 MB             ; 00:00:01                           ;
; TimeQuest Timing Analyzer ; 00:00:13     ; 1.3                     ; 4909 MB             ; 00:00:14                           ;
; EDA Netlist Writer        ; 00:00:03     ; 1.0                     ; 4755 MB             ; 00:00:04                           ;
; Analysis & Synthesis      ; 00:00:18     ; 1.0                     ; 4891 MB             ; 00:00:31                           ;
; Partition Merge           ; 00:00:00     ; 1.0                     ; 4792 MB             ; 00:00:01                           ;
; Fitter                    ; 00:00:47     ; 2.0                     ; 5715 MB             ; 00:01:03                           ;
; Assembler                 ; 00:00:01     ; 1.0                     ; 4761 MB             ; 00:00:01                           ;
; TimeQuest Timing Analyzer ; 00:00:12     ; 1.1                     ; 4906 MB             ; 00:00:13                           ;
; EDA Netlist Writer        ; 00:00:04     ; 1.0                     ; 4758 MB             ; 00:00:04                           ;
; Analysis & Synthesis      ; 00:00:18     ; 1.0                     ; 4892 MB             ; 00:00:33                           ;
; Partition Merge           ; 00:00:00     ; 1.0                     ; 4793 MB             ; 00:00:01                           ;
; Fitter                    ; 00:00:46     ; 2.1                     ; 5722 MB             ; 00:01:02                           ;
; Assembler                 ; 00:00:01     ; 1.0                     ; 4763 MB             ; 00:00:01                           ;
; TimeQuest Timing Analyzer ; 00:00:12     ; 1.1                     ; 4907 MB             ; 00:00:13                           ;
; EDA Netlist Writer        ; 00:00:03     ; 1.0                     ; 4756 MB             ; 00:00:04                           ;
; Analysis & Synthesis      ; 00:00:18     ; 1.0                     ; 4890 MB             ; 00:00:33                           ;
; Partition Merge           ; 00:00:01     ; 1.0                     ; 4793 MB             ; 00:00:01                           ;
; Fitter                    ; 00:00:41     ; 2.0                     ; 5717 MB             ; 00:00:59                           ;
; Assembler                 ; 00:00:01     ; 1.0                     ; 4761 MB             ; 00:00:01                           ;
; TimeQuest Timing Analyzer ; 00:00:12     ; 1.4                     ; 4907 MB             ; 00:00:14                           ;
; EDA Netlist Writer        ; 00:00:03     ; 1.0                     ; 4755 MB             ; 00:00:04                           ;
; Analysis & Synthesis      ; 00:00:17     ; 1.0                     ; 4891 MB             ; 00:00:31                           ;
; Partition Merge           ; 00:00:00     ; 1.0                     ; 4793 MB             ; 00:00:01                           ;
; Fitter                    ; 00:00:42     ; 2.2                     ; 5723 MB             ; 00:00:59                           ;
; Assembler                 ; 00:00:02     ; 1.0                     ; 4762 MB             ; 00:00:01                           ;
; TimeQuest Timing Analyzer ; 00:00:12     ; 1.3                     ; 4907 MB             ; 00:00:13                           ;
; EDA Netlist Writer        ; 00:00:03     ; 1.0                     ; 4754 MB             ; 00:00:04                           ;
; Analysis & Synthesis      ; 00:00:18     ; 1.0                     ; 4872 MB             ; 00:00:31                           ;
; Partition Merge           ; 00:00:01     ; 1.0                     ; 4793 MB             ; 00:00:01                           ;
; Fitter                    ; 00:00:41     ; 2.3                     ; 5720 MB             ; 00:00:58                           ;
; Assembler                 ; 00:00:01     ; 1.0                     ; 4757 MB             ; 00:00:01                           ;
; TimeQuest Timing Analyzer ; 00:00:12     ; 1.4                     ; 4911 MB             ; 00:00:13                           ;
; EDA Netlist Writer        ; 00:00:03     ; 1.0                     ; 4756 MB             ; 00:00:04                           ;
; Analysis & Synthesis      ; 00:00:18     ; 1.0                     ; 4892 MB             ; 00:00:31                           ;
; Partition Merge           ; 00:00:01     ; 1.0                     ; 4793 MB             ; 00:00:01                           ;
; Fitter                    ; 00:00:47     ; 2.1                     ; 5708 MB             ; 00:01:03                           ;
; Assembler                 ; 00:00:01     ; 1.0                     ; 4761 MB             ; 00:00:01                           ;
; TimeQuest Timing Analyzer ; 00:00:14     ; 1.3                     ; 4905 MB             ; 00:00:14                           ;
; EDA Netlist Writer        ; 00:00:04     ; 1.0                     ; 4757 MB             ; 00:00:04                           ;
; Analysis & Synthesis      ; 00:00:18     ; 1.0                     ; 4891 MB             ; 00:00:30                           ;
; Partition Merge           ; 00:00:01     ; 1.0                     ; 4793 MB             ; 00:00:01                           ;
; Fitter                    ; 00:00:41     ; 2.1                     ; 5718 MB             ; 00:00:58                           ;
; Assembler                 ; 00:00:01     ; 1.0                     ; 4761 MB             ; 00:00:01                           ;
; TimeQuest Timing Analyzer ; 00:00:12     ; 1.2                     ; 4905 MB             ; 00:00:13                           ;
; EDA Netlist Writer        ; 00:00:03     ; 1.0                     ; 4756 MB             ; 00:00:04                           ;
; Analysis & Synthesis      ; 00:00:12     ; 1.0                     ; 4794 MB             ; 00:00:26                           ;
; Analysis & Synthesis      ; 00:00:20     ; 1.1                     ; 4890 MB             ; 00:00:33                           ;
; Partition Merge           ; 00:00:01     ; 1.0                     ; 4793 MB             ; 00:00:01                           ;
; Fitter                    ; 00:00:53     ; 2.0                     ; 5722 MB             ; 00:01:13                           ;
; Assembler                 ; 00:00:01     ; 1.0                     ; 4762 MB             ; 00:00:01                           ;
; TimeQuest Timing Analyzer ; 00:00:15     ; 1.2                     ; 4909 MB             ; 00:00:16                           ;
; EDA Netlist Writer        ; 00:00:03     ; 1.0                     ; 4756 MB             ; 00:00:04                           ;
; Analysis & Synthesis      ; 00:00:18     ; 1.0                     ; 4892 MB             ; 00:00:31                           ;
; Partition Merge           ; 00:00:01     ; 1.0                     ; 4793 MB             ; 00:00:01                           ;
; Fitter                    ; 00:00:42     ; 2.0                     ; 5723 MB             ; 00:00:59                           ;
; Assembler                 ; 00:00:01     ; 1.0                     ; 4762 MB             ; 00:00:01                           ;
; TimeQuest Timing Analyzer ; 00:00:12     ; 1.4                     ; 4908 MB             ; 00:00:13                           ;
; EDA Netlist Writer        ; 00:00:03     ; 1.0                     ; 4756 MB             ; 00:00:04                           ;
; Analysis & Synthesis      ; 00:00:09     ; 1.0                     ; 4816 MB             ; 00:00:24                           ;
; Analysis & Synthesis      ; 00:00:19     ; 1.0                     ; 4887 MB             ; 00:00:32                           ;
; Partition Merge           ; 00:00:01     ; 1.0                     ; 4793 MB             ; 00:00:01                           ;
; Fitter                    ; 00:00:42     ; 1.9                     ; 5721 MB             ; 00:01:00                           ;
; Assembler                 ; 00:00:01     ; 1.0                     ; 4758 MB             ; 00:00:01                           ;
; TimeQuest Timing Analyzer ; 00:00:12     ; 1.2                     ; 4908 MB             ; 00:00:13                           ;
; EDA Netlist Writer        ; 00:00:04     ; 1.0                     ; 4757 MB             ; 00:00:04                           ;
; Total                     ; 00:29:48     ; --                      ; --                  ; 00:42:54                           ;
+---------------------------+--------------+-------------------------+---------------------+------------------------------------+


+----------------------------------------------------------------------------------------+
; Flow OS Summary                                                                        ;
+---------------------------+------------------+-----------+------------+----------------+
; Module Name               ; Machine Hostname ; OS Name   ; OS Version ; Processor type ;
+---------------------------+------------------+-----------+------------+----------------+
; Analysis & Synthesis      ; DESKTOP-PHEBSRE  ; Windows 7 ; 6.2        ; x86_64         ;
; Partition Merge           ; DESKTOP-PHEBSRE  ; Windows 7 ; 6.2        ; x86_64         ;
; Fitter                    ; DESKTOP-PHEBSRE  ; Windows 7 ; 6.2        ; x86_64         ;
; Assembler                 ; DESKTOP-PHEBSRE  ; Windows 7 ; 6.2        ; x86_64         ;
; TimeQuest Timing Analyzer ; DESKTOP-PHEBSRE  ; Windows 7 ; 6.2        ; x86_64         ;
; Analysis & Synthesis      ; DESKTOP-PHEBSRE  ; Windows 7 ; 6.2        ; x86_64         ;
; Partition Merge           ; DESKTOP-PHEBSRE  ; Windows 7 ; 6.2        ; x86_64         ;
; Fitter                    ; DESKTOP-PHEBSRE  ; Windows 7 ; 6.2        ; x86_64         ;
; Analysis & Synthesis      ; DESKTOP-PHEBSRE  ; Windows 7 ; 6.2        ; x86_64         ;
; Partition Merge           ; DESKTOP-PHEBSRE  ; Windows 7 ; 6.2        ; x86_64         ;
; Fitter                    ; DESKTOP-PHEBSRE  ; Windows 7 ; 6.2        ; x86_64         ;
; Analysis & Synthesis      ; DESKTOP-PHEBSRE  ; Windows 7 ; 6.2        ; x86_64         ;
; Analysis & Synthesis      ; DESKTOP-PHEBSRE  ; Windows 7 ; 6.2        ; x86_64         ;
; Partition Merge           ; DESKTOP-PHEBSRE  ; Windows 7 ; 6.2        ; x86_64         ;
; Fitter                    ; DESKTOP-PHEBSRE  ; Windows 7 ; 6.2        ; x86_64         ;
; Analysis & Synthesis      ; DESKTOP-PHEBSRE  ; Windows 7 ; 6.2        ; x86_64         ;
; Partition Merge           ; DESKTOP-PHEBSRE  ; Windows 7 ; 6.2        ; x86_64         ;
; Fitter                    ; DESKTOP-PHEBSRE  ; Windows 7 ; 6.2        ; x86_64         ;
; Analysis & Synthesis      ; DESKTOP-PHEBSRE  ; Windows 7 ; 6.2        ; x86_64         ;
; Partition Merge           ; DESKTOP-PHEBSRE  ; Windows 7 ; 6.2        ; x86_64         ;
; Fitter                    ; DESKTOP-PHEBSRE  ; Windows 7 ; 6.2        ; x86_64         ;
; Assembler                 ; DESKTOP-PHEBSRE  ; Windows 7 ; 6.2        ; x86_64         ;
; TimeQuest Timing Analyzer ; DESKTOP-PHEBSRE  ; Windows 7 ; 6.2        ; x86_64         ;
; Analysis & Synthesis      ; DESKTOP-PHEBSRE  ; Windows 7 ; 6.2        ; x86_64         ;
; Partition Merge           ; DESKTOP-PHEBSRE  ; Windows 7 ; 6.2        ; x86_64         ;
; Fitter                    ; DESKTOP-PHEBSRE  ; Windows 7 ; 6.2        ; x86_64         ;
; Assembler                 ; DESKTOP-PHEBSRE  ; Windows 7 ; 6.2        ; x86_64         ;
; TimeQuest Timing Analyzer ; DESKTOP-PHEBSRE  ; Windows 7 ; 6.2        ; x86_64         ;
; Analysis & Synthesis      ; DESKTOP-PHEBSRE  ; Windows 7 ; 6.2        ; x86_64         ;
; Partition Merge           ; DESKTOP-PHEBSRE  ; Windows 7 ; 6.2        ; x86_64         ;
; Fitter                    ; DESKTOP-PHEBSRE  ; Windows 7 ; 6.2        ; x86_64         ;
; Assembler                 ; DESKTOP-PHEBSRE  ; Windows 7 ; 6.2        ; x86_64         ;
; TimeQuest Timing Analyzer ; DESKTOP-PHEBSRE  ; Windows 7 ; 6.2        ; x86_64         ;
; Analysis & Synthesis      ; DESKTOP-PHEBSRE  ; Windows 7 ; 6.2        ; x86_64         ;
; Partition Merge           ; DESKTOP-PHEBSRE  ; Windows 7 ; 6.2        ; x86_64         ;
; Fitter                    ; DESKTOP-PHEBSRE  ; Windows 7 ; 6.2        ; x86_64         ;
; Assembler                 ; DESKTOP-PHEBSRE  ; Windows 7 ; 6.2        ; x86_64         ;
; TimeQuest Timing Analyzer ; DESKTOP-PHEBSRE  ; Windows 7 ; 6.2        ; x86_64         ;
; EDA Netlist Writer        ; DESKTOP-PHEBSRE  ; Windows 7 ; 6.2        ; x86_64         ;
; Analysis & Synthesis      ; DESKTOP-PHEBSRE  ; Windows 7 ; 6.2        ; x86_64         ;
; Analysis & Synthesis      ; DESKTOP-PHEBSRE  ; Windows 7 ; 6.2        ; x86_64         ;
; Partition Merge           ; DESKTOP-PHEBSRE  ; Windows 7 ; 6.2        ; x86_64         ;
; Fitter                    ; DESKTOP-PHEBSRE  ; Windows 7 ; 6.2        ; x86_64         ;
; Assembler                 ; DESKTOP-PHEBSRE  ; Windows 7 ; 6.2        ; x86_64         ;
; TimeQuest Timing Analyzer ; DESKTOP-PHEBSRE  ; Windows 7 ; 6.2        ; x86_64         ;
; EDA Netlist Writer        ; DESKTOP-PHEBSRE  ; Windows 7 ; 6.2        ; x86_64         ;
; Analysis & Synthesis      ; DESKTOP-PHEBSRE  ; Windows 7 ; 6.2        ; x86_64         ;
; Partition Merge           ; DESKTOP-PHEBSRE  ; Windows 7 ; 6.2        ; x86_64         ;
; Fitter                    ; DESKTOP-PHEBSRE  ; Windows 7 ; 6.2        ; x86_64         ;
; Assembler                 ; DESKTOP-PHEBSRE  ; Windows 7 ; 6.2        ; x86_64         ;
; TimeQuest Timing Analyzer ; DESKTOP-PHEBSRE  ; Windows 7 ; 6.2        ; x86_64         ;
; EDA Netlist Writer        ; DESKTOP-PHEBSRE  ; Windows 7 ; 6.2        ; x86_64         ;
; TimeQuest Timing Analyzer ; DESKTOP-PHEBSRE  ; Windows 7 ; 6.2        ; x86_64         ;
; TimeQuest Timing Analyzer ; DESKTOP-PHEBSRE  ; Windows 7 ; 6.2        ; x86_64         ;
; TimeQuest Timing Analyzer ; DESKTOP-PHEBSRE  ; Windows 7 ; 6.2        ; x86_64         ;
; Analysis & Synthesis      ; DESKTOP-PHEBSRE  ; Windows 7 ; 6.2        ; x86_64         ;
; Partition Merge           ; DESKTOP-PHEBSRE  ; Windows 7 ; 6.2        ; x86_64         ;
; Fitter                    ; DESKTOP-PHEBSRE  ; Windows 7 ; 6.2        ; x86_64         ;
; Assembler                 ; DESKTOP-PHEBSRE  ; Windows 7 ; 6.2        ; x86_64         ;
; TimeQuest Timing Analyzer ; DESKTOP-PHEBSRE  ; Windows 7 ; 6.2        ; x86_64         ;
; EDA Netlist Writer        ; DESKTOP-PHEBSRE  ; Windows 7 ; 6.2        ; x86_64         ;
; EDA Netlist Writer        ; DESKTOP-PHEBSRE  ; Windows 7 ; 6.2        ; x86_64         ;
; EDA Netlist Writer        ; DESKTOP-PHEBSRE  ; Windows 7 ; 6.2        ; x86_64         ;
; EDA Netlist Writer        ; DESKTOP-PHEBSRE  ; Windows 7 ; 6.2        ; x86_64         ;
; EDA Netlist Writer        ; DESKTOP-PHEBSRE  ; Windows 7 ; 6.2        ; x86_64         ;
; EDA Netlist Writer        ; DESKTOP-PHEBSRE  ; Windows 7 ; 6.2        ; x86_64         ;
; EDA Netlist Writer        ; DESKTOP-PHEBSRE  ; Windows 7 ; 6.2        ; x86_64         ;
; EDA Netlist Writer        ; DESKTOP-PHEBSRE  ; Windows 7 ; 6.2        ; x86_64         ;
; EDA Netlist Writer        ; DESKTOP-PHEBSRE  ; Windows 7 ; 6.2        ; x86_64         ;
; EDA Netlist Writer        ; DESKTOP-PHEBSRE  ; Windows 7 ; 6.2        ; x86_64         ;
; EDA Netlist Writer        ; DESKTOP-PHEBSRE  ; Windows 7 ; 6.2        ; x86_64         ;
; EDA Netlist Writer        ; DESKTOP-PHEBSRE  ; Windows 7 ; 6.2        ; x86_64         ;
; EDA Netlist Writer        ; DESKTOP-PHEBSRE  ; Windows 7 ; 6.2        ; x86_64         ;
; EDA Netlist Writer        ; DESKTOP-PHEBSRE  ; Windows 7 ; 6.2        ; x86_64         ;
; Analysis & Synthesis      ; DESKTOP-PHEBSRE  ; Windows 7 ; 6.2        ; x86_64         ;
; Analysis & Synthesis      ; DESKTOP-PHEBSRE  ; Windows 7 ; 6.2        ; x86_64         ;
; Analysis & Synthesis      ; DESKTOP-PHEBSRE  ; Windows 7 ; 6.2        ; x86_64         ;
; Partition Merge           ; DESKTOP-PHEBSRE  ; Windows 7 ; 6.2        ; x86_64         ;
; Fitter                    ; DESKTOP-PHEBSRE  ; Windows 7 ; 6.2        ; x86_64         ;
; Assembler                 ; DESKTOP-PHEBSRE  ; Windows 7 ; 6.2        ; x86_64         ;
; TimeQuest Timing Analyzer ; DESKTOP-PHEBSRE  ; Windows 7 ; 6.2        ; x86_64         ;
; EDA Netlist Writer        ; DESKTOP-PHEBSRE  ; Windows 7 ; 6.2        ; x86_64         ;
; Analysis & Synthesis      ; DESKTOP-PHEBSRE  ; Windows 7 ; 6.2        ; x86_64         ;
; Partition Merge           ; DESKTOP-PHEBSRE  ; Windows 7 ; 6.2        ; x86_64         ;
; Fitter                    ; DESKTOP-PHEBSRE  ; Windows 7 ; 6.2        ; x86_64         ;
; Assembler                 ; DESKTOP-PHEBSRE  ; Windows 7 ; 6.2        ; x86_64         ;
; TimeQuest Timing Analyzer ; DESKTOP-PHEBSRE  ; Windows 7 ; 6.2        ; x86_64         ;
; EDA Netlist Writer        ; DESKTOP-PHEBSRE  ; Windows 7 ; 6.2        ; x86_64         ;
; Analysis & Synthesis      ; DESKTOP-PHEBSRE  ; Windows 7 ; 6.2        ; x86_64         ;
; Partition Merge           ; DESKTOP-PHEBSRE  ; Windows 7 ; 6.2        ; x86_64         ;
; Fitter                    ; DESKTOP-PHEBSRE  ; Windows 7 ; 6.2        ; x86_64         ;
; Assembler                 ; DESKTOP-PHEBSRE  ; Windows 7 ; 6.2        ; x86_64         ;
; TimeQuest Timing Analyzer ; DESKTOP-PHEBSRE  ; Windows 7 ; 6.2        ; x86_64         ;
; EDA Netlist Writer        ; DESKTOP-PHEBSRE  ; Windows 7 ; 6.2        ; x86_64         ;
; Analysis & Synthesis      ; DESKTOP-PHEBSRE  ; Windows 7 ; 6.2        ; x86_64         ;
; Partition Merge           ; DESKTOP-PHEBSRE  ; Windows 7 ; 6.2        ; x86_64         ;
; Fitter                    ; DESKTOP-PHEBSRE  ; Windows 7 ; 6.2        ; x86_64         ;
; Assembler                 ; DESKTOP-PHEBSRE  ; Windows 7 ; 6.2        ; x86_64         ;
; TimeQuest Timing Analyzer ; DESKTOP-PHEBSRE  ; Windows 7 ; 6.2        ; x86_64         ;
; EDA Netlist Writer        ; DESKTOP-PHEBSRE  ; Windows 7 ; 6.2        ; x86_64         ;
; Analysis & Synthesis      ; DESKTOP-PHEBSRE  ; Windows 7 ; 6.2        ; x86_64         ;
; Partition Merge           ; DESKTOP-PHEBSRE  ; Windows 7 ; 6.2        ; x86_64         ;
; Fitter                    ; DESKTOP-PHEBSRE  ; Windows 7 ; 6.2        ; x86_64         ;
; Assembler                 ; DESKTOP-PHEBSRE  ; Windows 7 ; 6.2        ; x86_64         ;
; TimeQuest Timing Analyzer ; DESKTOP-PHEBSRE  ; Windows 7 ; 6.2        ; x86_64         ;
; EDA Netlist Writer        ; DESKTOP-PHEBSRE  ; Windows 7 ; 6.2        ; x86_64         ;
; Analysis & Synthesis      ; DESKTOP-PHEBSRE  ; Windows 7 ; 6.2        ; x86_64         ;
; Partition Merge           ; DESKTOP-PHEBSRE  ; Windows 7 ; 6.2        ; x86_64         ;
; Fitter                    ; DESKTOP-PHEBSRE  ; Windows 7 ; 6.2        ; x86_64         ;
; Assembler                 ; DESKTOP-PHEBSRE  ; Windows 7 ; 6.2        ; x86_64         ;
; TimeQuest Timing Analyzer ; DESKTOP-PHEBSRE  ; Windows 7 ; 6.2        ; x86_64         ;
; EDA Netlist Writer        ; DESKTOP-PHEBSRE  ; Windows 7 ; 6.2        ; x86_64         ;
; Analysis & Synthesis      ; DESKTOP-PHEBSRE  ; Windows 7 ; 6.2        ; x86_64         ;
; Partition Merge           ; DESKTOP-PHEBSRE  ; Windows 7 ; 6.2        ; x86_64         ;
; Fitter                    ; DESKTOP-PHEBSRE  ; Windows 7 ; 6.2        ; x86_64         ;
; Assembler                 ; DESKTOP-PHEBSRE  ; Windows 7 ; 6.2        ; x86_64         ;
; TimeQuest Timing Analyzer ; DESKTOP-PHEBSRE  ; Windows 7 ; 6.2        ; x86_64         ;
; EDA Netlist Writer        ; DESKTOP-PHEBSRE  ; Windows 7 ; 6.2        ; x86_64         ;
; Analysis & Synthesis      ; DESKTOP-PHEBSRE  ; Windows 7 ; 6.2        ; x86_64         ;
; Partition Merge           ; DESKTOP-PHEBSRE  ; Windows 7 ; 6.2        ; x86_64         ;
; Fitter                    ; DESKTOP-PHEBSRE  ; Windows 7 ; 6.2        ; x86_64         ;
; Assembler                 ; DESKTOP-PHEBSRE  ; Windows 7 ; 6.2        ; x86_64         ;
; TimeQuest Timing Analyzer ; DESKTOP-PHEBSRE  ; Windows 7 ; 6.2        ; x86_64         ;
; EDA Netlist Writer        ; DESKTOP-PHEBSRE  ; Windows 7 ; 6.2        ; x86_64         ;
; Analysis & Synthesis      ; DESKTOP-PHEBSRE  ; Windows 7 ; 6.2        ; x86_64         ;
; Partition Merge           ; DESKTOP-PHEBSRE  ; Windows 7 ; 6.2        ; x86_64         ;
; Fitter                    ; DESKTOP-PHEBSRE  ; Windows 7 ; 6.2        ; x86_64         ;
; Assembler                 ; DESKTOP-PHEBSRE  ; Windows 7 ; 6.2        ; x86_64         ;
; TimeQuest Timing Analyzer ; DESKTOP-PHEBSRE  ; Windows 7 ; 6.2        ; x86_64         ;
; EDA Netlist Writer        ; DESKTOP-PHEBSRE  ; Windows 7 ; 6.2        ; x86_64         ;
; Analysis & Synthesis      ; DESKTOP-PHEBSRE  ; Windows 7 ; 6.2        ; x86_64         ;
; Partition Merge           ; DESKTOP-PHEBSRE  ; Windows 7 ; 6.2        ; x86_64         ;
; Fitter                    ; DESKTOP-PHEBSRE  ; Windows 7 ; 6.2        ; x86_64         ;
; Assembler                 ; DESKTOP-PHEBSRE  ; Windows 7 ; 6.2        ; x86_64         ;
; TimeQuest Timing Analyzer ; DESKTOP-PHEBSRE  ; Windows 7 ; 6.2        ; x86_64         ;
; EDA Netlist Writer        ; DESKTOP-PHEBSRE  ; Windows 7 ; 6.2        ; x86_64         ;
; Analysis & Synthesis      ; DESKTOP-PHEBSRE  ; Windows 7 ; 6.2        ; x86_64         ;
; Analysis & Synthesis      ; DESKTOP-PHEBSRE  ; Windows 7 ; 6.2        ; x86_64         ;
; Partition Merge           ; DESKTOP-PHEBSRE  ; Windows 7 ; 6.2        ; x86_64         ;
; Fitter                    ; DESKTOP-PHEBSRE  ; Windows 7 ; 6.2        ; x86_64         ;
; Assembler                 ; DESKTOP-PHEBSRE  ; Windows 7 ; 6.2        ; x86_64         ;
; TimeQuest Timing Analyzer ; DESKTOP-PHEBSRE  ; Windows 7 ; 6.2        ; x86_64         ;
; EDA Netlist Writer        ; DESKTOP-PHEBSRE  ; Windows 7 ; 6.2        ; x86_64         ;
; Analysis & Synthesis      ; DESKTOP-PHEBSRE  ; Windows 7 ; 6.2        ; x86_64         ;
; Partition Merge           ; DESKTOP-PHEBSRE  ; Windows 7 ; 6.2        ; x86_64         ;
; Fitter                    ; DESKTOP-PHEBSRE  ; Windows 7 ; 6.2        ; x86_64         ;
; Assembler                 ; DESKTOP-PHEBSRE  ; Windows 7 ; 6.2        ; x86_64         ;
; TimeQuest Timing Analyzer ; DESKTOP-PHEBSRE  ; Windows 7 ; 6.2        ; x86_64         ;
; EDA Netlist Writer        ; DESKTOP-PHEBSRE  ; Windows 7 ; 6.2        ; x86_64         ;
; Analysis & Synthesis      ; DESKTOP-PHEBSRE  ; Windows 7 ; 6.2        ; x86_64         ;
; Analysis & Synthesis      ; DESKTOP-PHEBSRE  ; Windows 7 ; 6.2        ; x86_64         ;
; Partition Merge           ; DESKTOP-PHEBSRE  ; Windows 7 ; 6.2        ; x86_64         ;
; Fitter                    ; DESKTOP-PHEBSRE  ; Windows 7 ; 6.2        ; x86_64         ;
; Assembler                 ; DESKTOP-PHEBSRE  ; Windows 7 ; 6.2        ; x86_64         ;
; TimeQuest Timing Analyzer ; DESKTOP-PHEBSRE  ; Windows 7 ; 6.2        ; x86_64         ;
; EDA Netlist Writer        ; DESKTOP-PHEBSRE  ; Windows 7 ; 6.2        ; x86_64         ;
+---------------------------+------------------+-----------+------------+----------------+


------------
; Flow Log ;
------------
quartus_map --read_settings_files=on --write_settings_files=off DigitalClock -c DigitalClock
quartus_cdb --read_settings_files=off --write_settings_files=off DigitalClock -c DigitalClock --merge=on
quartus_fit --read_settings_files=off --write_settings_files=off DigitalClock -c DigitalClock
quartus_asm --read_settings_files=off --write_settings_files=off DigitalClock -c DigitalClock
quartus_sta DigitalClock -c DigitalClock
quartus_map --read_settings_files=on --write_settings_files=off DigitalClock -c DigitalClock
quartus_cdb --read_settings_files=off --write_settings_files=off DigitalClock -c DigitalClock --merge=on
quartus_fit --read_settings_files=off --write_settings_files=off DigitalClock -c DigitalClock
quartus_map --read_settings_files=on --write_settings_files=off DigitalClock -c DigitalClock
quartus_cdb --read_settings_files=off --write_settings_files=off DigitalClock -c DigitalClock --merge=on
quartus_fit --read_settings_files=off --write_settings_files=off DigitalClock -c DigitalClock
quartus_map --read_settings_files=on --write_settings_files=off DigitalClock -c DigitalClock
quartus_map --read_settings_files=on --write_settings_files=off DigitalClock -c DigitalClock
quartus_cdb --read_settings_files=off --write_settings_files=off DigitalClock -c DigitalClock --merge=on
quartus_fit --read_settings_files=off --write_settings_files=off DigitalClock -c DigitalClock
quartus_map --read_settings_files=on --write_settings_files=off DigitalClock -c DigitalClock
quartus_cdb --read_settings_files=off --write_settings_files=off DigitalClock -c DigitalClock --merge=on
quartus_fit --read_settings_files=off --write_settings_files=off DigitalClock -c DigitalClock
quartus_map --read_settings_files=on --write_settings_files=off DigitalClock -c DigitalClock
quartus_cdb --read_settings_files=off --write_settings_files=off DigitalClock -c DigitalClock --merge=on
quartus_fit --read_settings_files=off --write_settings_files=off DigitalClock -c DigitalClock
quartus_asm --read_settings_files=off --write_settings_files=off DigitalClock -c DigitalClock
quartus_sta DigitalClock -c DigitalClock
quartus_map --read_settings_files=on --write_settings_files=off DigitalClock -c DigitalClock
quartus_cdb --read_settings_files=off --write_settings_files=off DigitalClock -c DigitalClock --merge=on
quartus_fit --read_settings_files=off --write_settings_files=off DigitalClock -c DigitalClock
quartus_asm --read_settings_files=off --write_settings_files=off DigitalClock -c DigitalClock
quartus_sta DigitalClock -c DigitalClock
quartus_map --read_settings_files=on --write_settings_files=off DigitalClock -c DigitalClock
quartus_cdb --read_settings_files=off --write_settings_files=off DigitalClock -c DigitalClock --merge=on
quartus_fit --read_settings_files=off --write_settings_files=off DigitalClock -c DigitalClock
quartus_asm --read_settings_files=off --write_settings_files=off DigitalClock -c DigitalClock
quartus_sta DigitalClock -c DigitalClock
quartus_map --read_settings_files=on --write_settings_files=off DigitalClock -c DigitalClock
quartus_cdb --read_settings_files=off --write_settings_files=off DigitalClock -c DigitalClock --merge=on
quartus_fit --read_settings_files=off --write_settings_files=off DigitalClock -c DigitalClock
quartus_asm --read_settings_files=off --write_settings_files=off DigitalClock -c DigitalClock
quartus_sta DigitalClock -c DigitalClock
quartus_eda --read_settings_files=off --write_settings_files=off DigitalClock -c DigitalClock
quartus_map --read_settings_files=on --write_settings_files=off DigitalClock -c DigitalClock
quartus_map --read_settings_files=on --write_settings_files=off DigitalClock -c DigitalClock
quartus_cdb --read_settings_files=off --write_settings_files=off DigitalClock -c DigitalClock --merge=on
quartus_fit --read_settings_files=off --write_settings_files=off DigitalClock -c DigitalClock
quartus_asm --read_settings_files=off --write_settings_files=off DigitalClock -c DigitalClock
quartus_sta DigitalClock -c DigitalClock
quartus_eda --read_settings_files=off --write_settings_files=off DigitalClock -c DigitalClock
quartus_map --read_settings_files=on --write_settings_files=off DigitalClock -c DigitalClock
quartus_cdb --read_settings_files=off --write_settings_files=off DigitalClock -c DigitalClock --merge=on
quartus_fit --read_settings_files=off --write_settings_files=off DigitalClock -c DigitalClock
quartus_asm --read_settings_files=off --write_settings_files=off DigitalClock -c DigitalClock
quartus_sta DigitalClock -c DigitalClock
quartus_eda --read_settings_files=off --write_settings_files=off DigitalClock -c DigitalClock
quartus_sta DigitalClock -c DigitalClock
quartus_sta DigitalClock -c DigitalClock
quartus_sta DigitalClock -c DigitalClock
quartus_map --read_settings_files=on --write_settings_files=off DigitalClock -c DigitalClock
quartus_cdb --read_settings_files=off --write_settings_files=off DigitalClock -c DigitalClock --merge=on
quartus_fit --read_settings_files=off --write_settings_files=off DigitalClock -c DigitalClock
quartus_asm --read_settings_files=off --write_settings_files=off DigitalClock -c DigitalClock
quartus_sta DigitalClock -c DigitalClock
quartus_eda --read_settings_files=off --write_settings_files=off DigitalClock -c DigitalClock
quartus_eda --gen_testbench --check_outputs=on --tool=modelsim_oem --format=verilog --write_settings_files=off DigitalClock -c DigitalClock --vector_source=F:/FPGAProject/DigitalClock/Waveform.vwf --testbench_file=F:/FPGAProject/DigitalClock/simulation/qsim/Waveform.vwf.vt
quartus_eda --gen_testbench --check_outputs=on --tool=modelsim_oem --format=verilog --write_settings_files=off DigitalClock -c DigitalClock --vector_source=F:/FPGAProject/DigitalClock/Waveform.vwf --testbench_file=F:/FPGAProject/DigitalClock/simulation/qsim/Waveform.vwf.vt
quartus_eda --write_settings_files=off --functional=off --flatten_buses=off --timescale=1ps --simulation=on --tool=modelsim_oem --format=verilog --output_directory=F:/FPGAProject/DigitalClock/simulation/qsim/ DigitalClock -c DigitalClock
quartus_eda --gen_testbench --check_outputs=on --tool=modelsim_oem --format=verilog --write_settings_files=off DigitalClock -c DigitalClock --vector_source=F:/FPGAProject/DigitalClock/Waveform.vwf --testbench_file=F:/FPGAProject/DigitalClock/simulation/qsim/Waveform.vwf.vt
quartus_eda --write_settings_files=off --functional=off --flatten_buses=off --timescale=1ps --simulation=on --tool=modelsim_oem --format=verilog --output_directory=F:/FPGAProject/DigitalClock/simulation/qsim/ DigitalClock -c DigitalClock
quartus_eda --gen_testbench --check_outputs=on --tool=modelsim_oem --format=verilog --write_settings_files=off DigitalClock -c DigitalClock --vector_source=F:/FPGAProject/DigitalClock/Waveform.vwf --testbench_file=F:/FPGAProject/DigitalClock/simulation/qsim/Waveform.vwf.vt
quartus_eda --write_settings_files=off --functional=off --flatten_buses=off --timescale=1ps --simulation=on --tool=modelsim_oem --format=verilog --output_directory=F:/FPGAProject/DigitalClock/simulation/qsim/ DigitalClock -c DigitalClock
quartus_eda --gen_testbench --check_outputs=on --tool=modelsim_oem --format=verilog --write_settings_files=off DigitalClock -c DigitalClock --vector_source=F:/FPGAProject/DigitalClock/Waveform.vwf --testbench_file=F:/FPGAProject/DigitalClock/simulation/qsim/Waveform.vwf.vt
quartus_eda --write_settings_files=off --functional=on --flatten_buses=off --simulation=on --tool=modelsim_oem --format=verilog --output_directory=F:/FPGAProject/DigitalClock/simulation/qsim/ DigitalClock -c DigitalClock
quartus_eda --gen_testbench --check_outputs=on --tool=modelsim_oem --format=verilog --write_settings_files=off DigitalClock -c DigitalClock --vector_source=F:/FPGAProject/DigitalClock/Waveform.vwf --testbench_file=F:/FPGAProject/DigitalClock/simulation/qsim/Waveform.vwf.vt
quartus_eda --write_settings_files=off --functional=off --flatten_buses=off --timescale=1ps --simulation=on --tool=modelsim_oem --format=verilog --output_directory=F:/FPGAProject/DigitalClock/simulation/qsim/ DigitalClock -c DigitalClock
quartus_eda --gen_testbench --check_outputs=on --tool=modelsim_oem --format=verilog --write_settings_files=off DigitalClock -c DigitalClock --vector_source=F:/FPGAProject/DigitalClock/Waveform.vwf --testbench_file=F:/FPGAProject/DigitalClock/simulation/qsim/Waveform.vwf.vt
quartus_eda --write_settings_files=off --functional=on --flatten_buses=off --simulation=on --tool=modelsim_oem --format=verilog --output_directory=F:/FPGAProject/DigitalClock/simulation/qsim/ DigitalClock -c DigitalClock
quartus_map --read_settings_files=on --write_settings_files=off DigitalClock -c DigitalClock
quartus_map --read_settings_files=on --write_settings_files=off DigitalClock -c DigitalClock
quartus_map --read_settings_files=on --write_settings_files=off DigitalClock -c DigitalClock
quartus_cdb --read_settings_files=off --write_settings_files=off DigitalClock -c DigitalClock --merge=on
quartus_fit --read_settings_files=off --write_settings_files=off DigitalClock -c DigitalClock
quartus_asm --read_settings_files=off --write_settings_files=off DigitalClock -c DigitalClock
quartus_sta DigitalClock -c DigitalClock
quartus_eda --read_settings_files=off --write_settings_files=off DigitalClock -c DigitalClock
quartus_map --read_settings_files=on --write_settings_files=off DigitalClock -c DigitalClock
quartus_cdb --read_settings_files=off --write_settings_files=off DigitalClock -c DigitalClock --merge=on
quartus_fit --read_settings_files=off --write_settings_files=off DigitalClock -c DigitalClock
quartus_asm --read_settings_files=off --write_settings_files=off DigitalClock -c DigitalClock
quartus_sta DigitalClock -c DigitalClock
quartus_eda --read_settings_files=off --write_settings_files=off DigitalClock -c DigitalClock
quartus_map --read_settings_files=on --write_settings_files=off DigitalClock -c DigitalClock
quartus_cdb --read_settings_files=off --write_settings_files=off DigitalClock -c DigitalClock --merge=on
quartus_fit --read_settings_files=off --write_settings_files=off DigitalClock -c DigitalClock
quartus_asm --read_settings_files=off --write_settings_files=off DigitalClock -c DigitalClock
quartus_sta DigitalClock -c DigitalClock
quartus_eda --read_settings_files=off --write_settings_files=off DigitalClock -c DigitalClock
quartus_map --read_settings_files=on --write_settings_files=off DigitalClock -c DigitalClock
quartus_cdb --read_settings_files=off --write_settings_files=off DigitalClock -c DigitalClock --merge=on
quartus_fit --read_settings_files=off --write_settings_files=off DigitalClock -c DigitalClock
quartus_asm --read_settings_files=off --write_settings_files=off DigitalClock -c DigitalClock
quartus_sta DigitalClock -c DigitalClock
quartus_eda --read_settings_files=off --write_settings_files=off DigitalClock -c DigitalClock
quartus_map --read_settings_files=on --write_settings_files=off DigitalClock -c DigitalClock
quartus_cdb --read_settings_files=off --write_settings_files=off DigitalClock -c DigitalClock --merge=on
quartus_fit --read_settings_files=off --write_settings_files=off DigitalClock -c DigitalClock
quartus_asm --read_settings_files=off --write_settings_files=off DigitalClock -c DigitalClock
quartus_sta DigitalClock -c DigitalClock
quartus_eda --read_settings_files=off --write_settings_files=off DigitalClock -c DigitalClock
quartus_map --read_settings_files=on --write_settings_files=off DigitalClock -c DigitalClock
quartus_cdb --read_settings_files=off --write_settings_files=off DigitalClock -c DigitalClock --merge=on
quartus_fit --read_settings_files=off --write_settings_files=off DigitalClock -c DigitalClock
quartus_asm --read_settings_files=off --write_settings_files=off DigitalClock -c DigitalClock
quartus_sta DigitalClock -c DigitalClock
quartus_eda --read_settings_files=off --write_settings_files=off DigitalClock -c DigitalClock
quartus_map --read_settings_files=on --write_settings_files=off DigitalClock -c DigitalClock
quartus_cdb --read_settings_files=off --write_settings_files=off DigitalClock -c DigitalClock --merge=on
quartus_fit --read_settings_files=off --write_settings_files=off DigitalClock -c DigitalClock
quartus_asm --read_settings_files=off --write_settings_files=off DigitalClock -c DigitalClock
quartus_sta DigitalClock -c DigitalClock
quartus_eda --read_settings_files=off --write_settings_files=off DigitalClock -c DigitalClock
quartus_map --read_settings_files=on --write_settings_files=off DigitalClock -c DigitalClock
quartus_cdb --read_settings_files=off --write_settings_files=off DigitalClock -c DigitalClock --merge=on
quartus_fit --read_settings_files=off --write_settings_files=off DigitalClock -c DigitalClock
quartus_asm --read_settings_files=off --write_settings_files=off DigitalClock -c DigitalClock
quartus_sta DigitalClock -c DigitalClock
quartus_eda --read_settings_files=off --write_settings_files=off DigitalClock -c DigitalClock
quartus_map --read_settings_files=on --write_settings_files=off DigitalClock -c DigitalClock
quartus_cdb --read_settings_files=off --write_settings_files=off DigitalClock -c DigitalClock --merge=on
quartus_fit --read_settings_files=off --write_settings_files=off DigitalClock -c DigitalClock
quartus_asm --read_settings_files=off --write_settings_files=off DigitalClock -c DigitalClock
quartus_sta DigitalClock -c DigitalClock
quartus_eda --read_settings_files=off --write_settings_files=off DigitalClock -c DigitalClock
quartus_map --read_settings_files=on --write_settings_files=off DigitalClock -c DigitalClock
quartus_cdb --read_settings_files=off --write_settings_files=off DigitalClock -c DigitalClock --merge=on
quartus_fit --read_settings_files=off --write_settings_files=off DigitalClock -c DigitalClock
quartus_asm --read_settings_files=off --write_settings_files=off DigitalClock -c DigitalClock
quartus_sta DigitalClock -c DigitalClock
quartus_eda --read_settings_files=off --write_settings_files=off DigitalClock -c DigitalClock
quartus_map --read_settings_files=on --write_settings_files=off DigitalClock -c DigitalClock
quartus_map --read_settings_files=on --write_settings_files=off DigitalClock -c DigitalClock
quartus_cdb --read_settings_files=off --write_settings_files=off DigitalClock -c DigitalClock --merge=on
quartus_fit --read_settings_files=off --write_settings_files=off DigitalClock -c DigitalClock
quartus_asm --read_settings_files=off --write_settings_files=off DigitalClock -c DigitalClock
quartus_sta DigitalClock -c DigitalClock
quartus_eda --read_settings_files=off --write_settings_files=off DigitalClock -c DigitalClock
quartus_map --read_settings_files=on --write_settings_files=off DigitalClock -c DigitalClock
quartus_cdb --read_settings_files=off --write_settings_files=off DigitalClock -c DigitalClock --merge=on
quartus_fit --read_settings_files=off --write_settings_files=off DigitalClock -c DigitalClock
quartus_asm --read_settings_files=off --write_settings_files=off DigitalClock -c DigitalClock
quartus_sta DigitalClock -c DigitalClock
quartus_eda --read_settings_files=off --write_settings_files=off DigitalClock -c DigitalClock
quartus_map --read_settings_files=on --write_settings_files=off DigitalClock -c DigitalClock
quartus_map --read_settings_files=on --write_settings_files=off DigitalClock -c DigitalClock
quartus_cdb --read_settings_files=off --write_settings_files=off DigitalClock -c DigitalClock --merge=on
quartus_fit --read_settings_files=off --write_settings_files=off DigitalClock -c DigitalClock
quartus_asm --read_settings_files=off --write_settings_files=off DigitalClock -c DigitalClock
quartus_sta DigitalClock -c DigitalClock
quartus_eda --read_settings_files=off --write_settings_files=off DigitalClock -c DigitalClock



